<?xml version="1.0" encoding="UTF-8"?>
<testng-results ignored="0" total="1" passed="1" failed="0" skipped="0">
  <reporter-output>
  </reporter-output>
  <suite started-at="2024-05-15T12:10:58 IST" name="Default suite" finished-at="2024-05-15T12:11:04 IST" duration-ms="5933">
    <groups>
    </groups>
    <test started-at="2024-05-15T12:10:58 IST" name="Default test" finished-at="2024-05-15T12:11:04 IST" duration-ms="5933">
      <class name="GoogleSearchTest">
        <test-method is-config="true" signature="setUp()[pri:0, instance:GoogleSearchTest@54a7079e]" started-at="2024-05-15T12:10:58 IST" name="setUp" finished-at="2024-05-15T12:11:01 IST" duration-ms="2421" status="PASS">
          <reporter-output>
          </reporter-output>
        </test-method> <!-- setUp -->
        <test-method signature="testGoogleSearch()[pri:0, instance:GoogleSearchTest@54a7079e]" started-at="2024-05-15T12:11:01 IST" name="testGoogleSearch" finished-at="2024-05-15T12:11:04 IST" duration-ms="3225" status="PASS">
          <reporter-output>
          </reporter-output>
        </test-method> <!-- testGoogleSearch -->
        <test-method is-config="true" signature="tearDown()[pri:0, instance:GoogleSearchTest@54a7079e]" started-at="2024-05-15T12:11:04 IST" name="tearDown" finished-at="2024-05-15T12:11:04 IST" duration-ms="223" status="PASS">
          <reporter-output>
          </reporter-output>
        </test-method> <!-- tearDown -->
      </class> <!-- GoogleSearchTest -->
    </test> <!-- Default test -->
  </suite> <!-- Default suite -->
</testng-results>
