<?xml version="1.0" encoding="UTF-8"?>
<testng-results ignored="0" total="1" passed="1" failed="0" skipped="0">
  <reporter-output>
  </reporter-output>
  <suite started-at="2024-05-17T17:51:23 IST" name="Default suite" finished-at="2024-05-17T17:51:29 IST" duration-ms="6258">
    <groups>
    </groups>
    <test started-at="2024-05-17T17:51:23 IST" name="Default test" finished-at="2024-05-17T17:51:29 IST" duration-ms="6258">
      <class name="GoogleSearchTest">
        <test-method is-config="true" signature="setUp()[pri:0, instance:GoogleSearchTest@54a7079e]" started-at="2024-05-17T17:51:23 IST" name="setUp" finished-at="2024-05-17T17:51:26 IST" duration-ms="2652" status="PASS">
          <reporter-output>
          </reporter-output>
        </test-method> <!-- setUp -->
        <test-method signature="testGoogleSearch()[pri:0, instance:GoogleSearchTest@54a7079e]" started-at="2024-05-17T17:51:26 IST" name="testGoogleSearch" finished-at="2024-05-17T17:51:29 IST" duration-ms="3128" status="PASS">
          <reporter-output>
          </reporter-output>
        </test-method> <!-- testGoogleSearch -->
        <test-method is-config="true" signature="tearDown()[pri:0, instance:GoogleSearchTest@54a7079e]" started-at="2024-05-17T17:51:29 IST" name="tearDown" finished-at="2024-05-17T17:51:29 IST" duration-ms="410" status="PASS">
          <reporter-output>
          </reporter-output>
        </test-method> <!-- tearDown -->
      </class> <!-- GoogleSearchTest -->
    </test> <!-- Default test -->
  </suite> <!-- Default suite -->
</testng-results>
